app/build/intermediates/manifest_merge_blame_file/release/manifest-merger-blame-release-report.txt
1<?xml version="1.0" encoding="utf-8"?>
2<manifest xmlns:android="http://schemas.android.com/apk/res/android"
3    package="com.safestwallet.sw"
4    android:versionCode="1"
5    android:versionName="1.0" >
6
7    <uses-sdk
8        android:minSdkVersion="26"
8-->src/main/AndroidManifest.xml
9        android:targetSdkVersion="33" />
9-->src/main/AndroidManifest.xml
10
11    <!-- Permessi Internet per la connessione alla blockchain -->
12    <uses-permission android:name="android.permission.INTERNET" />
12-->src/main/AndroidManifest.xml:6:5-67
12-->src/main/AndroidManifest.xml:6:22-64
13    <uses-permission android:name="android.permission.ACCESS_NETWORK_STATE" />
13-->src/main/AndroidManifest.xml:7:5-79
13-->src/main/AndroidManifest.xml:7:22-76
14
15    <!-- Per il salvataggio della whitelist -->
16    <uses-permission android:name="android.permission.READ_EXTERNAL_STORAGE" />
16-->src/main/AndroidManifest.xml:10:5-80
16-->src/main/AndroidManifest.xml:10:22-77
17    <uses-permission
17-->src/main/AndroidManifest.xml:11:5-12:51
18        android:name="android.permission.WRITE_EXTERNAL_STORAGE"
18-->src/main/AndroidManifest.xml:11:22-78
19        android:maxSdkVersion="28" />
19-->src/main/AndroidManifest.xml:12:22-48
20
21    <!-- Se usi la fotocamera per QR code -->
22    <uses-permission android:name="android.permission.CAMERA" />
22-->src/main/AndroidManifest.xml:15:5-65
22-->src/main/AndroidManifest.xml:15:22-62
23    <uses-permission android:name="android.permission.USE_BIOMETRIC" /> <!-- suppress DeprecatedClassUsageInspection -->
23-->[androidx.biometric:biometric:1.2.0-alpha05] AndroidManifest.xml:22:5-72
23-->[androidx.biometric:biometric:1.2.0-alpha05] AndroidManifest.xml:22:22-69
24    <uses-permission android:name="android.permission.USE_FINGERPRINT" />
24-->[androidx.biometric:biometric:1.2.0-alpha05] AndroidManifest.xml:25:5-74
24-->[androidx.biometric:biometric:1.2.0-alpha05] AndroidManifest.xml:25:22-71
25
26    <permission
26-->[androidx.core:core:1.9.0] AndroidManifest.xml:22:5-24:47
27        android:name="com.safestwallet.sw.DYNAMIC_RECEIVER_NOT_EXPORTED_PERMISSION"
27-->[androidx.core:core:1.9.0] AndroidManifest.xml:23:9-81
28        android:protectionLevel="signature" />
28-->[androidx.core:core:1.9.0] AndroidManifest.xml:24:9-44
29
30    <uses-permission android:name="com.safestwallet.sw.DYNAMIC_RECEIVER_NOT_EXPORTED_PERMISSION" />
30-->[androidx.core:core:1.9.0] AndroidManifest.xml:26:5-97
30-->[androidx.core:core:1.9.0] AndroidManifest.xml:26:22-94
31
32    <application
32-->src/main/AndroidManifest.xml:17:5-36:19
33        android:name="com.safestwallet.sw.SafestWalletApplication"
33-->src/main/AndroidManifest.xml:18:5-44
34        android:allowBackup="false"
34-->src/main/AndroidManifest.xml:19:5-32
35        android:appComponentFactory="androidx.core.app.CoreComponentFactory"
35-->[androidx.core:core:1.9.0] AndroidManifest.xml:28:18-86
36        android:extractNativeLibs="false"
37        android:icon="@mipmap/ic_launcher"
37-->src/main/AndroidManifest.xml:20:5-39
38        android:label="@string/app_name"
38-->src/main/AndroidManifest.xml:21:5-37
39        android:roundIcon="@mipmap/ic_launcher_round"
39-->src/main/AndroidManifest.xml:22:5-50
40        android:supportsRtl="true"
40-->src/main/AndroidManifest.xml:23:5-31
41        android:theme="@style/Theme.SafestWallet" >
41-->src/main/AndroidManifest.xml:24:5-46
42        <activity
42-->src/main/AndroidManifest.xml:26:9-34:20
43            android:name="com.safestwallet.sw.MainActivity"
43-->src/main/AndroidManifest.xml:27:13-41
44            android:exported="true"
44-->src/main/AndroidManifest.xml:28:13-36
45            android:windowSoftInputMode="adjustResize" >
45-->src/main/AndroidManifest.xml:29:13-55
46            <intent-filter>
46-->src/main/AndroidManifest.xml:30:13-33:29
47                <action android:name="android.intent.action.MAIN" />
47-->src/main/AndroidManifest.xml:31:17-69
47-->src/main/AndroidManifest.xml:31:25-66
48
49                <category android:name="android.intent.category.LAUNCHER" />
49-->src/main/AndroidManifest.xml:32:17-77
49-->src/main/AndroidManifest.xml:32:27-74
50            </intent-filter>
51        </activity>
52
53        <uses-library
53-->[androidx.window:window:1.0.0] AndroidManifest.xml:25:9-27:40
54            android:name="androidx.window.extensions"
54-->[androidx.window:window:1.0.0] AndroidManifest.xml:26:13-54
55            android:required="false" />
55-->[androidx.window:window:1.0.0] AndroidManifest.xml:27:13-37
56        <uses-library
56-->[androidx.window:window:1.0.0] AndroidManifest.xml:28:9-30:40
57            android:name="androidx.window.sidecar"
57-->[androidx.window:window:1.0.0] AndroidManifest.xml:29:13-51
58            android:required="false" />
58-->[androidx.window:window:1.0.0] AndroidManifest.xml:30:13-37
59
60        <service
60-->[androidx.room:room-runtime:2.5.0] AndroidManifest.xml:24:9-28:63
61            android:name="androidx.room.MultiInstanceInvalidationService"
61-->[androidx.room:room-runtime:2.5.0] AndroidManifest.xml:25:13-74
62            android:directBootAware="true"
62-->[androidx.room:room-runtime:2.5.0] AndroidManifest.xml:26:13-43
63            android:exported="false" />
63-->[androidx.room:room-runtime:2.5.0] AndroidManifest.xml:27:13-37
64
65        <provider
65-->[androidx.emoji2:emoji2:1.2.0] AndroidManifest.xml:24:9-32:20
66            android:name="androidx.startup.InitializationProvider"
66-->[androidx.emoji2:emoji2:1.2.0] AndroidManifest.xml:25:13-67
67            android:authorities="com.safestwallet.sw.androidx-startup"
67-->[androidx.emoji2:emoji2:1.2.0] AndroidManifest.xml:26:13-68
68            android:exported="false" >
68-->[androidx.emoji2:emoji2:1.2.0] AndroidManifest.xml:27:13-37
69            <meta-data
69-->[androidx.emoji2:emoji2:1.2.0] AndroidManifest.xml:29:13-31:52
70                android:name="androidx.emoji2.text.EmojiCompatInitializer"
70-->[androidx.emoji2:emoji2:1.2.0] AndroidManifest.xml:30:17-75
71                android:value="androidx.startup" />
71-->[androidx.emoji2:emoji2:1.2.0] AndroidManifest.xml:31:17-49
72            <meta-data
72-->[androidx.lifecycle:lifecycle-process:2.4.1] AndroidManifest.xml:31:13-33:52
73                android:name="androidx.lifecycle.ProcessLifecycleInitializer"
73-->[androidx.lifecycle:lifecycle-process:2.4.1] AndroidManifest.xml:32:17-78
74                android:value="androidx.startup" />
74-->[androidx.lifecycle:lifecycle-process:2.4.1] AndroidManifest.xml:33:17-49
75        </provider>
76    </application>
77
78</manifest>